[DEBUG|connectionpool|L544] 2025-09-10T19:28:28+0200: https://www.googleapis.com:443 "GET /drive/v3/files?q=mimeType%3D%22application%2Fvnd.google-apps.spreadsheet%22+and+name+%3D+%22ROM_Guild_Data%22&pageSize=1000&supportsAllDrives=True&includeItemsFromAllDrives=True&fields=kind%2CnextPageToken%2Cfiles%28id%2Cname%2CcreatedTime%2CmodifiedTime%29 HTTP/1.1" 200 None
[DEBUG|connectionpool|L544] 2025-09-10T19:28:29+0200: https://sheets.googleapis.com:443 "GET /v4/spreadsheets/1KYEYI5ZyfyEu8X4928sMkuZhYfO3_20gQZUR3xLlUTI?includeGridData=false HTTP/1.1" 200 None
[DEBUG|connectionpool|L544] 2025-09-10T19:28:29+0200: https://sheets.googleapis.com:443 "GET /v4/spreadsheets/1KYEYI5ZyfyEu8X4928sMkuZhYfO3_20gQZUR3xLlUTI?includeGridData=false HTTP/1.1" 200 None
[DEBUG|spreadsheet_operations|L38] 2025-09-10T19:28:29+0200:                nickname  tickets_lost  days_tickets_lost  full_days_lost
39                Siebs         280.0                1.0             0.0
40            Riceology          34.0                1.0             0.0
41              Rengoku         388.0                1.0             0.0
42            JimboFett         916.0                2.0             1.0
43             iDeadeye         108.0                1.0             0.0
44        Giraffes12310          70.0                1.0             0.0
45           DoomSlayer        1200.0                2.0             2.0
46  Catalina Wine Mixer         800.0                2.0             1.0
47            Bergy0013         308.0                2.0             0.0
48                 Alec         836.0                2.0             1.0
[DEBUG|connectionpool|L544] 2025-09-10T19:28:29+0200: https://sheets.googleapis.com:443 "POST /v4/spreadsheets/1KYEYI5ZyfyEu8X4928sMkuZhYfO3_20gQZUR3xLlUTI/values:batchClear HTTP/1.1" 200 None
[DEBUG|connectionpool|L544] 2025-09-10T19:28:29+0200: https://sheets.googleapis.com:443 "PUT /v4/spreadsheets/1KYEYI5ZyfyEu8X4928sMkuZhYfO3_20gQZUR3xLlUTI/values/%27Tickets_monthly%27%21A2%3AD51?valueInputOption=RAW HTTP/1.1" 200 None
[INFO|spreadsheet_operations|L24] 2025-09-10T19:28:29+0200: Writing to sheet Points_weekly for guild Revenge_of_Mandalore in range A2:G51
[INFO|spreadsheet_operations|L30] 2025-09-10T19:28:29+0200: ('BloH26UDTSqxarIKNcUPsg', 'Revenge_of_Mandalore', datetime.time(0, 30), 'ROM_Guild_Data', '1KYEYI5ZyfyEu8X4928sMkuZhYfO3_20gQZUR3xLlUTI')
[DEBUG|connectionpool|L544] 2025-09-10T19:28:30+0200: https://www.googleapis.com:443 "GET /drive/v3/files?q=mimeType%3D%22application%2Fvnd.google-apps.spreadsheet%22+and+name+%3D+%22ROM_Guild_Data%22&pageSize=1000&supportsAllDrives=True&includeItemsFromAllDrives=True&fields=kind%2CnextPageToken%2Cfiles%28id%2Cname%2CcreatedTime%2CmodifiedTime%29 HTTP/1.1" 200 None
[DEBUG|connectionpool|L544] 2025-09-10T19:28:30+0200: https://sheets.googleapis.com:443 "GET /v4/spreadsheets/1KYEYI5ZyfyEu8X4928sMkuZhYfO3_20gQZUR3xLlUTI?includeGridData=false HTTP/1.1" 200 None
[DEBUG|connectionpool|L544] 2025-09-10T19:28:30+0200: https://sheets.googleapis.com:443 "GET /v4/spreadsheets/1KYEYI5ZyfyEu8X4928sMkuZhYfO3_20gQZUR3xLlUTI?includeGridData=false HTTP/1.1" 200 None
[DEBUG|spreadsheet_operations|L38] 2025-09-10T19:28:30+0200:                nickname  last_activity_p  average_percent_p  zero_raid_score  zeffo_ready  tickets_weekly  total_points
0            Zuri Quinn                0                 -1                0            0               0            -1
1         Vilkon Saetul                0                 -1                0            0               0            -1
2                Varrus                0                 -1                0            0               0            -1
3           Uñdērgėãręd                0                 -1                0            0               0            -1
4             Theopip95                0                 -1                0            0               0            -1
5                 Siebs                0                  0                0            0              -1            -1
6           Sibil Quinn                0                  0                0            3               0             3
7             SexyJabba                0                 -1                0            0               0            -1
8                  Rush                0                 -1                0            0               0            -1
9             Riceology                0                  0                0            0              -1            -1
10              Rengoku                0                 -1                0            0              -1            -2
11           RavenQuinn                0                  0                0            3               0             3
12                Rainz                0                 -1                0            0               0            -1
13           PunkFalcon                0                  0                0            3               0             3
14           PrinceofPT                0                 -1                0            0               0            -1
15            Okiehomie                0                 -1                0            0               0            -1
16       Knights of Ren                0                 -1                0            0               0            -1
17             Kempy244                0                 -1                0            3               0             2
18            JimboFett                0                 -1                0            0              -2            -3
19            Jensaarai                0                 -1                0            0               0            -1
20             iDeadeye                0                 -1                0            0              -1            -2
21          GypsyyQuinn                0                 -1                0            0               0            -1
22        Giraffes12310                0                 -1                0            0              -1            -2
23                  fam                0                 -1                0            0               0            -1
24        EmperorArthas                0                  0                0            3               0             3
25       Dub Wingbender                0                  0                0            3               0             3
26         Do or do not                0                 -1                0            0               0            -1
27           DoomSlayer                0                  0                0            0              -2            -2
28       DarthRevan2215                0                 -1                0            0               0            -1
29           DarthNokoi                0                 -1               -2            0               0            -3
30          DarthCycron                0                 -1                0            0               0            -1
31              Darkape                0                 -1                0            0               0            -1
32       CommanderFordo                0                 -1                0            0               0            -1
33       ChrisSkywalker                0                 -1                0            3               0             2
34  Catalina Wine Mixer                0                 -1               -2            0              -2            -5
35              Bittman                0                 -1                0            0               0            -1
36         BiggWhoopsie                0                 -1                0            0               0            -1
37            Bergy0013                0                  0                0            3              -1             2
38            AlphySoup                0                 -1                0            0               0            -1
39                 Alec                0                 -1                0            0              -2            -3
[DEBUG|connectionpool|L544] 2025-09-10T19:28:31+0200: https://sheets.googleapis.com:443 "POST /v4/spreadsheets/1KYEYI5ZyfyEu8X4928sMkuZhYfO3_20gQZUR3xLlUTI/values:batchClear HTTP/1.1" 200 None
[DEBUG|connectionpool|L544] 2025-09-10T19:28:31+0200: https://sheets.googleapis.com:443 "PUT /v4/spreadsheets/1KYEYI5ZyfyEu8X4928sMkuZhYfO3_20gQZUR3xLlUTI/values/%27Points_weekly%27%21A2%3AG51?valueInputOption=RAW HTTP/1.1" 200 None
[INFO|spreadsheet_operations|L24] 2025-09-10T19:28:31+0200: Writing to sheet Last TB Data for guild Revenge_of_Mandalore in range A2:G51
[INFO|spreadsheet_operations|L30] 2025-09-10T19:28:31+0200: ('BloH26UDTSqxarIKNcUPsg', 'Revenge_of_Mandalore', datetime.time(0, 30), 'ROM_Guild_Data', '1KYEYI5ZyfyEu8X4928sMkuZhYfO3_20gQZUR3xLlUTI')
[DEBUG|connectionpool|L544] 2025-09-10T19:28:31+0200: https://www.googleapis.com:443 "GET /drive/v3/files?q=mimeType%3D%22application%2Fvnd.google-apps.spreadsheet%22+and+name+%3D+%22ROM_Guild_Data%22&pageSize=1000&supportsAllDrives=True&includeItemsFromAllDrives=True&fields=kind%2CnextPageToken%2Cfiles%28id%2Cname%2CcreatedTime%2CmodifiedTime%29 HTTP/1.1" 200 None
[DEBUG|connectionpool|L544] 2025-09-10T19:28:32+0200: https://sheets.googleapis.com:443 "GET /v4/spreadsheets/1KYEYI5ZyfyEu8X4928sMkuZhYfO3_20gQZUR3xLlUTI?includeGridData=false HTTP/1.1" 200 None
[DEBUG|connectionpool|L544] 2025-09-10T19:28:32+0200: https://sheets.googleapis.com:443 "GET /v4/spreadsheets/1KYEYI5ZyfyEu8X4928sMkuZhYfO3_20gQZUR3xLlUTI?includeGridData=false HTTP/1.1" 200 None
[WARNING|spreadsheet_operations|L48] 2025-09-10T19:28:32+0200: Worksheet Last TB Data is non-existent or inaccessible
