[INFO|update_data|L64] 2025-09-04T17:41:59+0200: Updating activity in DB...
[INFO|update_data|L99] 2025-09-04T17:41:59+0200: Updating GP in DB...
[DEBUG|main|L41] 2025-09-04T17:41:59+0200: ChrisSkywalker
[DEBUG|main|L42] 2025-09-04T17:41:59+0200: 2025-09-04 15:47:43
[INFO|update_data|L64] 2025-09-04T17:41:59+0200: Updating activity in DB...
[INFO|update_data|L99] 2025-09-04T17:41:59+0200: Updating GP in DB...
[DEBUG|main|L41] 2025-09-04T17:41:59+0200: JimboFett
[DEBUG|main|L42] 2025-09-04T17:41:59+0200: 2025-09-04 00:45:52
[INFO|update_data|L64] 2025-09-04T17:41:59+0200: Updating activity in DB...
[INFO|update_data|L99] 2025-09-04T17:41:59+0200: Updating GP in DB...
[DEBUG|main|L41] 2025-09-04T17:41:59+0200: Vilkon Saetul
[DEBUG|main|L42] 2025-09-04T17:41:59+0200: 2025-09-04 09:18:44
[INFO|update_data|L64] 2025-09-04T17:41:59+0200: Updating activity in DB...
[INFO|update_data|L99] 2025-09-04T17:41:59+0200: Updating GP in DB...
[DEBUG|main|L41] 2025-09-04T17:41:59+0200: Giraffes12310
[DEBUG|main|L42] 2025-09-04T17:41:59+0200: 2025-09-04 13:52:33
[INFO|update_data|L64] 2025-09-04T17:41:59+0200: Updating activity in DB...
[INFO|update_data|L99] 2025-09-04T17:41:59+0200: Updating GP in DB...
[DEBUG|main|L41] 2025-09-04T17:41:59+0200: Gareth517
[DEBUG|main|L42] 2025-09-04T17:41:59+0200: 2025-09-04 16:20:02
[INFO|update_data|L64] 2025-09-04T17:41:59+0200: Updating activity in DB...
[INFO|update_data|L99] 2025-09-04T17:42:00+0200: Updating GP in DB...
[DEBUG|main|L41] 2025-09-04T17:42:00+0200: FLANNEL SHIRTS
[DEBUG|main|L42] 2025-09-04T17:42:00+0200: 2025-09-04 14:35:04
[INFO|update_data|L64] 2025-09-04T17:42:00+0200: Updating activity in DB...
[INFO|update_data|L99] 2025-09-04T17:42:00+0200: Updating GP in DB...
[DEBUG|main|L41] 2025-09-04T17:42:00+0200: EmperorArthas
[DEBUG|main|L42] 2025-09-04T17:42:00+0200: 2025-09-04 16:00:51
[INFO|update_data|L64] 2025-09-04T17:42:00+0200: Updating activity in DB...
[INFO|update_data|L99] 2025-09-04T17:42:00+0200: Updating GP in DB...
[DEBUG|main|L41] 2025-09-04T17:42:00+0200: DoomSlayer
[DEBUG|main|L42] 2025-09-04T17:42:00+0200: 2025-09-04 06:07:24
[INFO|update_data|L64] 2025-09-04T17:42:00+0200: Updating activity in DB...
[INFO|update_data|L99] 2025-09-04T17:42:00+0200: Updating GP in DB...
[DEBUG|main|L41] 2025-09-04T17:42:00+0200: Dub Wingbender
[DEBUG|main|L42] 2025-09-04T17:42:00+0200: 2025-09-04 14:49:25
[INFO|update_data|L64] 2025-09-04T17:42:00+0200: Updating activity in DB...
[INFO|update_data|L99] 2025-09-04T17:42:00+0200: Updating GP in DB...
[DEBUG|main|L41] 2025-09-04T17:42:00+0200: SarlaccJack
[DEBUG|main|L42] 2025-09-04T17:42:00+0200: 2025-09-04 12:18:42
[INFO|update_data|L64] 2025-09-04T17:42:00+0200: Updating activity in DB...
[INFO|update_data|L99] 2025-09-04T17:42:00+0200: Updating GP in DB...
[DEBUG|main|L41] 2025-09-04T17:42:00+0200: Catalina Wine Mixer
[DEBUG|main|L42] 2025-09-04T17:42:00+0200: 2025-09-04 17:41:45
[INFO|update_data|L64] 2025-09-04T17:42:00+0200: Updating activity in DB...
[INFO|update_data|L99] 2025-09-04T17:42:00+0200: Updating GP in DB...
[DEBUG|main|L41] 2025-09-04T17:42:00+0200: Jensaarai
[DEBUG|main|L42] 2025-09-04T17:42:00+0200: 2025-09-04 13:23:29
[INFO|update_data|L64] 2025-09-04T17:42:00+0200: Updating activity in DB...
[INFO|update_data|L99] 2025-09-04T17:42:00+0200: Updating GP in DB...
[INFO|read_data|L68] 2025-09-04T17:42:00+0200: Reading from players table WHERE player part of guild
[INFO|enter_data|L27] 2025-09-04T17:42:00+0200: Entering new player data into players table...
[INFO|enter_data|L38] 2025-09-04T17:42:00+0200: Inserted 0 players into players table
[INFO|enter_data|L40] 2025-09-04T17:42:00+0200: Done
[INFO|main|L119] 2025-09-04T17:42:00+0200: --players to remove--
[INFO|main|L120] 2025-09-04T17:42:00+0200: []
[INFO|read_data|L27] 2025-09-04T17:42:00+0200: Reading from guild table...
[INFO|read_data|L29] 2025-09-04T17:42:00+0200: <connection object at 0x0000024CD8D86F00; dsn: 'user=tvole password=xxx dbname=guild_data host=100.64.49.65 port=5432', closed: 0>
[INFO|read_data|L34] 2025-09-04T17:42:00+0200: 
--- Guild ---
[INFO|read_data|L36] 2025-09-04T17:42:00+0200: guild_id: Xyw6K1R1SOazMbS94TX7fw, guild_name: ScaredOfNuffin
[INFO|read_data|L36] 2025-09-04T17:42:00+0200: guild_id: BloH26UDTSqxarIKNcUPsg, guild_name: Revenge_of_Mandalore
[INFO|read_data|L37] 2025-09-04T17:42:00+0200: --------------------

[INFO|read_data|L50] 2025-09-04T17:42:00+0200: Reading all entries of players table
[INFO|archive_players|L22] 2025-09-04T17:42:01+0200: guild ids: ['Xyw6K1R1SOazMbS94TX7fw', 'BloH26UDTSqxarIKNcUPsg']
[DEBUG|archive_players|L26] 2025-09-04T17:42:01+0200: []
[INFO|enter_data|L186] 2025-09-04T17:42:01+0200: No players to insert.
[DEBUG|archive_players|L30] 2025-09-04T17:42:01+0200: to remove:
[DEBUG|archive_players|L31] 2025-09-04T17:42:01+0200: []
[INFO|remove_data|L26] 2025-09-04T17:42:01+0200: No players to remove.
